TN:
SF:/home/josh/projects/joshify/src/album_art.rs
FN:24,AlbumArtCache::new
FN:41,AlbumArtCache::get_or_fetch
FN:101,url_to_filename
FNF:3
FNDA:0,AlbumArtCache::new
FNDA:0,AlbumArtCache::get_or_fetch
FNDA:0,url_to_filename
DA:24,0
DA:26,0
DA:28,0
DA:30,0
DA:31,0
DA:35,0
DA:41,0
DA:44,0
DA:45,0
DA:46,0
DA:51,0
DA:52,0
DA:53,0
DA:55,0
DA:56,0
DA:57,0
DA:58,0
DA:59,0
DA:66,0
DA:67,0
DA:68,0
DA:69,0
DA:70,0
DA:73,0
DA:74,0
DA:75,0
DA:78,0
DA:79,0
DA:80,0
DA:82,0
DA:83,0
DA:84,0
DA:88,0
DA:89,0
DA:90,0
DA:93,0
DA:94,0
DA:101,0
DA:105,0
DA:106,0
DA:107,0
LF:41
LH:0
end_of_record
TN:
SF:/home/josh/projects/joshify/src/api/client.rs
FN:19,SpotifyClient::new
FNF:1
FNDA:0,SpotifyClient::new
DA:19,0
DA:20,0
DA:22,0
DA:23,0
DA:24,0
DA:25,0
DA:26,0
DA:27,0
DA:28,0
DA:29,0
DA:30,0
DA:31,0
DA:32,0
DA:35,0
DA:37,0
DA:40,0
DA:42,0
DA:43,0
DA:45,0
DA:46,0
DA:47,0
DA:49,0
DA:50,0
DA:52,0
DA:53,0
DA:55,0
DA:60,0
LF:27
LH:0
end_of_record
TN:
SF:/home/josh/projects/joshify/src/api/library.rs
FN:10,SpotifyClient::current_user_saved_tracks
FN:17,SpotifyClient::current_users_playlists
FN:24,SpotifyClient::playlist_get_items
FN:33,SpotifyClient::search
FN:51,SpotifyClient::add_to_queue
FN:66,SpotifyClient::get_queue
FNF:6
FNDA:0,SpotifyClient::current_user_saved_tracks
FNDA:0,SpotifyClient::current_users_playlists
FNDA:0,SpotifyClient::playlist_get_items
FNDA:0,SpotifyClient::search
FNDA:0,SpotifyClient::add_to_queue
FNDA:0,SpotifyClient::get_queue
DA:10,0
DA:11,0
DA:13,0
DA:17,0
DA:18,0
DA:20,0
DA:24,0
DA:25,0
DA:27,0
DA:29,0
DA:33,0
DA:34,0
DA:44,0
DA:45,0
DA:46,0
DA:51,0
DA:53,0
DA:54,0
DA:55,0
DA:56,0
DA:57,0
DA:59,0
DA:62,0
DA:66,0
DA:67,0
DA:69,0
LF:26
LH:0
end_of_record
TN:
SF:/home/josh/projects/joshify/src/api/playback.rs
FN:13,SpotifyClient::current_playback
FN:29,SpotifyClient::playback_resume
FN:36,SpotifyClient::playback_pause
FN:43,SpotifyClient::playback_next
FN:50,SpotifyClient::playback_previous
FN:57,SpotifyClient::set_volume
FN:65,SpotifyClient::seek
FN:73,SpotifyClient::start_playback
FNF:8
FNDA:0,SpotifyClient::current_playback
FNDA:0,SpotifyClient::playback_resume
FNDA:0,SpotifyClient::playback_pause
FNDA:0,SpotifyClient::playback_next
FNDA:0,SpotifyClient::playback_previous
FNDA:0,SpotifyClient::set_volume
FNDA:0,SpotifyClient::seek
FNDA:0,SpotifyClient::start_playback
DA:13,0
DA:14,0
DA:15,0
DA:16,0
DA:18,0
DA:19,0
DA:20,0
DA:22,0
DA:29,0
DA:30,0
DA:32,0
DA:36,0
DA:37,0
DA:39,0
DA:43,0
DA:44,0
DA:46,0
DA:50,0
DA:51,0
DA:53,0
DA:57,0
DA:58,0
DA:59,0
DA:61,0
DA:65,0
DA:66,0
DA:67,0
DA:69,0
DA:73,0
DA:75,0
DA:77,0
DA:78,0
DA:79,0
DA:80,0
DA:81,0
DA:82,0
DA:83,0
DA:84,0
DA:85,0
DA:86,0
DA:87,0
DA:89,0
DA:94,0
DA:95,0
DA:98,0
DA:99,0
DA:101,0
DA:102,0
DA:105,0
LF:49
LH:0
end_of_record
TN:
SF:/home/josh/projects/joshify/src/api/rate_limit.rs
FN:26,backoff_delay
FN:35,with_rate_limit_retry
FNF:2
FNDA:1,backoff_delay
FNDA:10,with_rate_limit_retry
DA:26,1
DA:27,3
DA:28,1
DA:35,10
DA:39,5
DA:41,20
DA:42,5
DA:43,2
DA:44,2
DA:45,6
DA:48,15
DA:49,2
DA:50,4
DA:51,4
DA:53,10
DA:54,2
DA:55,0
DA:58,2
DA:64,1
LF:19
LH:18
end_of_record
TN:
SF:/home/josh/projects/joshify/src/auth.rs
FN:22,<impl Default for OAuthConfig>::default
FN:34,OAuthConfig::from_args
FN:59,Credentials::from_env
FN:76,Credentials::is_expired
FN:84,get_config_dir
FN:96,load_credentials
FN:127,save_credentials
FN:161,load_oauth_config
FN:176,save_oauth_config
FN:188,get_oauth_url
FN:218,open_browser
FN:252,exchange_code_for_token
FN:293,run_oauth_callback_server
FNF:13
FNDA:0,<impl Default for OAuthConfig>::default
FNDA:0,OAuthConfig::from_args
FNDA:0,Credentials::from_env
FNDA:0,Credentials::is_expired
FNDA:0,get_config_dir
FNDA:0,load_credentials
FNDA:0,save_credentials
FNDA:0,load_oauth_config
FNDA:0,save_oauth_config
FNDA:0,get_oauth_url
FNDA:0,open_browser
FNDA:0,exchange_code_for_token
FNDA:0,run_oauth_callback_server
DA:21,0
DA:22,0
DA:24,0
DA:25,0
DA:26,0
DA:34,0
DA:36,0
DA:39,0
DA:42,0
DA:59,0
DA:60,0
DA:61,0
DA:62,0
DA:64,0
DA:67,0
DA:68,0
DA:69,0
DA:76,0
DA:77,0
DA:78,0
DA:79,0
DA:84,0
DA:85,0
DA:86,0
DA:87,0
DA:88,0
DA:92,0
DA:96,0
DA:98,0
DA:99,0
DA:103,0
DA:104,0
DA:105,0
DA:106,0
DA:107,0
DA:112,0
DA:113,0
DA:115,0
DA:116,0
DA:119,0
DA:121,0
DA:123,0
DA:127,0
DA:129,0
DA:131,0
DA:132,0
DA:133,0
DA:135,0
DA:137,0
DA:138,0
DA:140,0
DA:141,0
DA:147,0
DA:148,0
DA:151,0
DA:152,0
DA:154,0
DA:157,0
DA:161,0
DA:162,0
DA:163,0
DA:165,0
DA:166,0
DA:167,0
DA:168,0
DA:171,0
DA:176,0
DA:177,0
DA:178,0
DA:180,0
DA:181,0
DA:182,0
DA:184,0
DA:188,0
DA:205,0
DA:207,0
DA:208,0
DA:209,0
DA:211,0
DA:212,0
DA:214,0
DA:218,0
DA:221,0
DA:222,0
DA:245,0
DA:246,0
DA:248,0
DA:252,0
DA:256,0
DA:258,0
DA:259,0
DA:260,0
DA:261,0
DA:262,0
DA:263,0
DA:264,0
DA:265,0
DA:266,0
DA:267,0
DA:268,0
DA:271,0
DA:274,0
DA:278,0
DA:279,0
DA:281,0
DA:282,0
DA:283,0
DA:285,0
DA:289,0
DA:293,0
DA:303,0
DA:304,0
DA:314,0
DA:315,0
DA:316,0
DA:318,0
DA:319,0
DA:321,0
DA:324,0
DA:325,0
DA:326,0
DA:327,0
DA:328,0
DA:330,0
DA:331,0
DA:332,0
DA:333,0
DA:334,0
DA:335,0
DA:337,0
DA:339,0
DA:340,0
DA:341,0
DA:344,0
DA:347,0
DA:348,0
DA:349,0
DA:350,0
DA:351,0
DA:354,0
DA:355,0
DA:360,0
DA:361,0
DA:362,0
DA:363,0
DA:364,0
DA:365,0
DA:369,0
DA:370,0
DA:376,0
DA:379,0
DA:382,0
DA:384,0
LF:153
LH:0
end_of_record
TN:
SF:/home/josh/projects/joshify/src/keyring_store.rs
FN:27,SecureCredentials::is_expired
FN:36,get_credentials_keyring
FN:55,set_credentials_keyring
FN:69,delete_credentials_keyring
FN:81,is_keyring_available
FN:86,load_credentials_secure
FN:102,save_credentials_secure
FNF:7
FNDA:0,SecureCredentials::is_expired
FNDA:0,get_credentials_keyring
FNDA:0,set_credentials_keyring
FNDA:0,delete_credentials_keyring
FNDA:0,is_keyring_available
FNDA:0,load_credentials_secure
FNDA:0,save_credentials_secure
DA:27,0
DA:28,0
DA:29,0
DA:30,0
DA:36,0
DA:37,0
DA:40,0
DA:41,0
DA:42,0
DA:44,0
DA:46,0
DA:47,0
DA:48,0
DA:49,0
DA:55,0
DA:56,0
DA:59,0
DA:62,0
DA:65,0
DA:69,0
DA:70,0
DA:73,0
DA:74,0
DA:75,0
DA:76,0
DA:81,0
DA:82,0
DA:86,0
DA:88,0
DA:89,0
DA:93,0
DA:94,0
DA:95,0
DA:96,0
DA:97,0
DA:102,0
DA:104,0
DA:105,0
DA:107,0
DA:108,0
DA:110,0
DA:111,0
DA:117,0
DA:118,0
DA:119,0
DA:120,0
LF:46
LH:0
end_of_record
TN:
SF:/home/josh/projects/joshify/src/main.rs
FN:37,App::new
FN:59,App::focus_next
FN:67,App::focus_previous
FN:75,App::poll_playback
FN:154,CliArgs::parse
FN:214,CliArgs::print_help
FN:252,main
FN:290,run_with_args
FNF:8
FNDA:0,App::new
FNDA:0,App::focus_next
FNDA:0,App::focus_previous
FNDA:0,App::poll_playback
FNDA:0,CliArgs::parse
FNDA:0,CliArgs::print_help
FNDA:0,main
FNDA:0,run_with_args
DA:37,0
DA:41,0
DA:52,0
DA:54,0
DA:59,0
DA:60,0
DA:61,0
DA:62,0
DA:63,0
DA:67,0
DA:68,0
DA:69,0
DA:70,0
DA:71,0
DA:75,0
DA:80,0
DA:81,0
DA:82,0
DA:83,0
DA:84,0
DA:86,0
DA:87,0
DA:90,0
DA:91,0
DA:93,0
DA:94,0
DA:95,0
DA:96,0
DA:97,0
DA:99,0
DA:100,0
DA:101,0
DA:102,0
DA:103,0
DA:105,0
DA:106,0
DA:111,0
DA:116,0
DA:117,0
DA:118,0
DA:119,0
DA:120,0
DA:123,0
DA:124,0
DA:125,0
DA:126,0
DA:154,0
DA:155,0
DA:156,0
DA:157,0
DA:159,0
DA:160,0
DA:161,0
DA:162,0
DA:163,0
DA:164,0
DA:166,0
DA:169,0
DA:170,0
DA:171,0
DA:172,0
DA:174,0
DA:177,0
DA:178,0
DA:179,0
DA:180,0
DA:182,0
DA:185,0
DA:186,0
DA:187,0
DA:188,0
DA:190,0
DA:193,0
DA:194,0
DA:195,0
DA:196,0
DA:198,0
DA:201,0
DA:202,0
DA:203,0
DA:205,0
DA:206,0
DA:211,0
DA:214,0
DA:215,0
DA:216,0
DA:217,0
DA:218,0
DA:219,0
DA:220,0
DA:221,0
DA:222,0
DA:223,0
DA:224,0
DA:225,0
DA:226,0
DA:227,0
DA:228,0
DA:229,0
DA:230,0
DA:231,0
DA:232,0
DA:233,0
DA:234,0
DA:235,0
DA:236,0
DA:237,0
DA:238,0
DA:239,0
DA:240,0
DA:241,0
DA:242,0
DA:243,0
DA:244,0
DA:245,0
DA:252,0
DA:254,0
DA:257,0
DA:258,0
DA:259,0
DA:263,0
DA:266,0
DA:267,0
DA:268,0
DA:270,0
DA:271,0
DA:274,0
DA:275,0
DA:276,0
DA:281,0
DA:282,0
DA:285,0
DA:287,0
DA:290,0
DA:293,0
DA:296,0
DA:297,0
DA:298,0
DA:299,0
DA:300,0
DA:303,0
DA:304,0
DA:305,0
DA:308,0
DA:309,0
DA:312,0
DA:313,0
DA:317,0
DA:320,0
DA:321,0
DA:322,0
DA:325,0
DA:328,0
DA:329,0
DA:331,0
DA:332,0
DA:336,0
DA:337,0
DA:339,0
DA:340,0
DA:347,0
DA:350,0
DA:351,0
DA:352,0
DA:353,0
DA:354,0
DA:356,0
DA:357,0
DA:358,0
DA:363,0
DA:364,0
DA:365,0
DA:366,0
DA:367,0
DA:368,0
DA:370,0
DA:371,0
DA:374,0
DA:376,0
DA:377,0
DA:378,0
DA:381,0
DA:382,0
DA:383,0
DA:384,0
DA:385,0
DA:386,0
DA:387,0
DA:394,0
DA:397,0
DA:401,0
DA:402,0
DA:403,0
DA:404,0
DA:407,0
DA:408,0
DA:409,0
DA:410,0
DA:415,0
DA:416,0
DA:420,0
DA:422,0
DA:423,0
DA:427,0
DA:428,0
DA:431,0
DA:432,0
DA:433,0
DA:434,0
DA:435,0
DA:440,0
DA:441,0
DA:442,0
DA:443,0
DA:444,0
DA:445,0
DA:446,0
DA:448,0
DA:452,0
DA:455,0
DA:456,0
DA:457,0
DA:459,0
DA:462,0
DA:463,0
DA:464,0
DA:465,0
DA:467,0
DA:470,0
DA:471,0
DA:472,0
DA:475,0
DA:476,0
DA:477,0
DA:479,0
DA:482,0
DA:483,0
DA:484,0
DA:486,0
DA:487,0
DA:489,0
DA:490,0
DA:496,0
DA:497,0
DA:500,0
DA:501,0
DA:503,0
DA:504,0
DA:505,0
DA:506,0
DA:507,0
DA:510,0
DA:511,0
DA:513,0
DA:518,0
DA:519,0
DA:520,0
DA:521,0
DA:522,0
DA:523,0
DA:528,0
DA:529,0
DA:531,0
DA:532,0
DA:536,0
DA:539,0
DA:540,0
DA:542,0
DA:548,0
DA:549,0
DA:550,0
DA:553,0
DA:554,0
DA:555,0
DA:557,0
DA:558,0
DA:559,0
DA:560,0
DA:561,0
DA:562,0
DA:563,0
DA:564,0
DA:565,0
DA:566,0
DA:567,0
DA:568,0
DA:569,0
DA:571,0
DA:572,0
DA:573,0
DA:574,0
DA:577,0
DA:578,0
DA:580,0
DA:581,0
DA:585,0
DA:588,0
DA:589,0
DA:590,0
DA:591,0
DA:592,0
DA:593,0
DA:594,0
DA:595,0
DA:596,0
DA:597,0
DA:598,0
DA:599,0
DA:601,0
DA:602,0
DA:606,0
DA:608,0
DA:609,0
DA:610,0
DA:611,0
DA:612,0
DA:613,0
DA:614,0
DA:615,0
DA:616,0
DA:617,0
DA:618,0
DA:619,0
DA:620,0
DA:621,0
DA:622,0
DA:623,0
DA:624,0
DA:625,0
DA:627,0
DA:628,0
DA:629,0
DA:630,0
DA:634,0
DA:637,0
DA:638,0
DA:640,0
DA:641,0
DA:645,0
DA:647,0
DA:648,0
DA:649,0
DA:650,0
DA:651,0
DA:652,0
DA:653,0
DA:654,0
DA:655,0
DA:656,0
DA:657,0
DA:658,0
DA:659,0
DA:660,0
DA:661,0
DA:663,0
DA:664,0
DA:665,0
DA:666,0
DA:669,0
DA:670,0
DA:672,0
DA:673,0
DA:677,0
DA:684,0
DA:685,0
DA:686,0
DA:688,0
DA:693,0
DA:694,0
DA:698,0
DA:701,0
DA:702,0
DA:704,0
DA:710,0
DA:713,0
DA:714,0
DA:715,0
DA:716,0
DA:717,0
DA:719,0
DA:720,0
DA:721,0
DA:722,0
DA:724,0
DA:725,0
DA:727,0
DA:728,0
DA:730,0
DA:731,0
DA:737,0
DA:738,0
DA:741,0
DA:742,0
DA:743,0
DA:744,0
DA:745,0
DA:747,0
DA:749,0
DA:750,0
DA:756,0
DA:758,0
DA:759,0
DA:760,0
DA:761,0
DA:763,0
DA:764,0
DA:772,0
DA:773,0
DA:774,0
DA:775,0
DA:777,0
DA:786,0
DA:787,0
DA:788,0
DA:789,0
DA:790,0
DA:792,0
DA:793,0
DA:794,0
DA:795,0
DA:796,0
DA:797,0
DA:799,0
DA:800,0
DA:802,0
DA:803,0
DA:806,0
DA:808,0
DA:809,0
DA:810,0
DA:811,0
DA:816,0
DA:817,0
DA:818,0
DA:819,0
DA:821,0
DA:823,0
DA:824,0
DA:826,0
DA:827,0
DA:828,0
DA:829,0
DA:830,0
DA:831,0
DA:833,0
DA:834,0
DA:836,0
DA:837,0
DA:840,0
DA:842,0
DA:843,0
DA:844,0
DA:845,0
DA:852,0
DA:854,0
DA:855,0
DA:856,0
DA:857,0
DA:859,0
DA:865,0
DA:866,0
DA:867,0
DA:871,0
DA:872,0
DA:873,0
DA:878,0
DA:879,0
DA:880,0
DA:881,0
DA:886,0
DA:887,0
DA:888,0
DA:889,0
DA:890,0
DA:894,0
DA:895,0
DA:896,0
DA:897,0
DA:901,0
DA:902,0
DA:903,0
DA:904,0
DA:909,0
DA:910,0
DA:911,0
DA:912,0
DA:914,0
DA:918,0
DA:919,0
DA:920,0
DA:921,0
DA:923,0
DA:925,0
DA:926,0
DA:935,0
DA:937,0
DA:939,0
DA:940,0
DA:946,0
DA:947,0
DA:948,0
DA:949,0
DA:950,0
DA:954,0
DA:955,0
DA:956,0
DA:958,0
DA:959,0
DA:960,0
DA:962,0
DA:963,0
DA:965,0
DA:967,0
DA:968,0
DA:969,0
DA:971,0
DA:972,0
DA:973,0
DA:974,0
DA:975,0
DA:976,0
DA:978,0
DA:983,0
DA:984,0
DA:985,0
DA:986,0
DA:996,0
DA:997,0
DA:999,0
DA:1000,0
DA:1001,0
DA:1002,0
DA:1003,0
DA:1004,0
DA:1005,0
DA:1006,0
DA:1007,0
DA:1008,0
DA:1009,0
DA:1010,0
DA:1011,0
DA:1012,0
DA:1013,0
DA:1014,0
DA:1015,0
DA:1016,0
DA:1017,0
DA:1018,0
DA:1019,0
DA:1020,0
DA:1021,0
DA:1022,0
DA:1023,0
DA:1024,0
DA:1025,0
DA:1029,0
DA:1030,0
DA:1031,0
DA:1036,0
DA:1037,0
DA:1039,0
DA:1040,0
DA:1041,0
DA:1042,0
DA:1043,0
DA:1044,0
DA:1046,0
DA:1056,0
LF:568
LH:0
end_of_record
TN:
SF:/home/josh/projects/joshify/src/setup.rs
FN:9,run_setup
FN:68,run_oauth_flow
FN:97,ensure_configured
FNF:3
FNDA:0,run_setup
FNDA:0,run_oauth_flow
FNDA:0,ensure_configured
DA:9,0
DA:10,0
DA:12,0
DA:13,0
DA:14,0
DA:16,0
DA:17,0
DA:18,0
DA:19,0
DA:22,0
DA:24,0
DA:25,0
DA:26,0
DA:27,0
DA:32,0
DA:34,0
DA:35,0
DA:36,0
DA:37,0
DA:42,0
DA:43,0
DA:45,0
DA:48,0
DA:49,0
DA:50,0
DA:52,0
DA:61,0
DA:63,0
DA:64,0
DA:68,0
DA:72,0
DA:73,0
DA:74,0
DA:78,0
DA:79,0
DA:81,0
DA:82,0
DA:84,0
DA:85,0
DA:87,0
DA:89,0
DA:90,0
DA:92,0
DA:93,0
DA:97,0
DA:100,0
DA:101,0
DA:103,0
DA:104,0
LF:49
LH:0
end_of_record
TN:
SF:/home/josh/projects/joshify/src/state/app_state.rs
FNF:0
DA:25,0
DA:26,0
DA:27,0
DA:28,0
DA:29,0
DA:30,0
DA:31,0
DA:66,0
DA:67,0
DA:120,0
DA:124,0
DA:126,0
DA:133,0
DA:135,0
DA:136,0
DA:141,0
DA:142,0
DA:143,0
DA:144,0
DA:145,0
DA:150,0
DA:151,0
DA:152,0
DA:153,0
DA:154,0
DA:159,0
DA:160,0
DA:161,0
DA:162,0
DA:167,0
DA:168,0
DA:169,0
DA:170,0
DA:172,0
DA:177,0
DA:178,0
DA:179,0
DA:180,0
DA:181,0
DA:182,0
DA:184,0
DA:188,0
DA:189,0
DA:190,0
DA:194,0
DA:195,0
DA:196,0
DA:197,0
DA:198,0
DA:199,0
DA:200,0
DA:202,0
DA:203,0
DA:204,0
DA:205,0
DA:208,0
DA:210,0
DA:211,0
DA:212,0
DA:215,0
DA:216,0
DA:217,0
DA:224,0
DA:225,0
DA:226,0
DA:227,0
DA:228,0
DA:234,0
DA:235,0
DA:236,0
DA:237,0
DA:238,0
DA:244,0
DA:245,0
DA:246,0
DA:250,0
DA:251,0
DA:259,0
DA:260,0
DA:261,0
DA:267,0
DA:268,0
LF:82
LH:0
end_of_record
TN:
SF:/home/josh/projects/joshify/src/state/library_state.rs
FN:24,LibraryState::new
FN:35,LibraryState::liked_songs_stale
FN:45,LibraryState::playlists_stale
FN:55,LibraryState::update_liked_songs
FN:65,LibraryState::update_playlists
FNF:5
FNDA:0,LibraryState::new
FNDA:0,LibraryState::liked_songs_stale
FNDA:0,LibraryState::playlists_stale
FNDA:0,LibraryState::update_liked_songs
FNDA:0,LibraryState::update_playlists
DA:24,0
DA:26,0
DA:27,0
DA:35,0
DA:36,0
DA:37,0
DA:38,0
DA:39,0
DA:40,0
DA:45,0
DA:46,0
DA:47,0
DA:48,0
DA:49,0
DA:50,0
DA:55,0
DA:56,0
DA:57,0
DA:58,0
DA:59,0
DA:60,0
DA:61,0
DA:65,0
DA:66,0
DA:67,0
DA:68,0
DA:69,0
DA:70,0
LF:28
LH:0
end_of_record
TN:
SF:/home/josh/projects/joshify/src/state/load_coordinator.rs
FN:42,LoadCoordinator::new
FN:51,LoadCoordinator::next_sequence
FN:56,LoadCoordinator::is_loading
FN:61,LoadCoordinator::register_task
FN:70,LoadCoordinator::mark_completed
FN:76,LoadCoordinator::is_stale
FN:83,LoadCoordinator::cancel_all
FN:90,LoadCoordinator::cancel
FN:98,<impl Default for LoadCoordinator>::default
FN:111,LoadSender<T>::new
FN:116,LoadSender<T>::send
FNF:11
FNDA:0,LoadCoordinator::new
FNDA:0,LoadCoordinator::next_sequence
FNDA:0,LoadCoordinator::is_loading
FNDA:0,LoadCoordinator::register_task
FNDA:0,LoadCoordinator::mark_completed
FNDA:0,LoadCoordinator::is_stale
FNDA:0,LoadCoordinator::cancel_all
FNDA:0,LoadCoordinator::cancel
FNDA:0,<impl Default for LoadCoordinator>::default
FNDA:0,LoadSender<T>::new
FNDA:0,LoadSender<T>::send
DA:42,0
DA:44,0
DA:45,0
DA:46,0
DA:51,0
DA:52,0
DA:56,0
DA:57,0
DA:61,0
DA:63,0
DA:64,0
DA:66,0
DA:70,0
DA:71,0
DA:72,0
DA:76,0
DA:77,0
DA:78,0
DA:79,0
DA:83,0
DA:84,0
DA:85,0
DA:90,0
DA:91,0
DA:92,0
DA:98,0
DA:99,0
DA:111,0
DA:116,0
DA:117,0
DA:118,0
DA:119,0
DA:120,0
DA:121,0
LF:34
LH:0
end_of_record
TN:
SF:/home/josh/projects/joshify/src/state/player_state.rs
FN:24,PlayerState::from_context
FN:59,PlayerState::track_changed
FN:70,format_duration
FNF:3
FNDA:0,PlayerState::from_context
FNDA:2,PlayerState::track_changed
FNDA:3,format_duration
DA:24,0
DA:25,0
DA:26,0
DA:27,0
DA:28,0
DA:29,0
DA:30,0
DA:31,0
DA:32,0
DA:34,0
DA:35,0
DA:36,0
DA:37,0
DA:38,0
DA:39,0
DA:40,0
DA:42,0
DA:46,0
DA:47,0
DA:49,0
DA:59,2
DA:60,2
DA:61,2
DA:63,2
DA:70,3
DA:71,4
DA:72,3
DA:73,4
DA:74,3
LF:29
LH:9
end_of_record
TN:
SF:/home/josh/projects/joshify/src/state/queue_state.rs
FN:32,QueueState::new
FN:42,QueueState::clear
FN:47,QueueState::add
FN:52,QueueState::next
FN:62,<impl Default for QueueEntry>::default
FNF:5
FNDA:0,QueueState::new
FNDA:0,QueueState::clear
FNDA:0,QueueState::add
FNDA:0,QueueState::next
FNDA:0,<impl Default for QueueEntry>::default
DA:32,0
DA:35,0
DA:42,0
DA:43,0
DA:47,0
DA:48,0
DA:52,0
DA:53,0
DA:54,0
DA:56,0
DA:62,0
DA:64,0
DA:65,0
DA:66,0
LF:14
LH:0
end_of_record
TN:
SF:/home/josh/projects/joshify/src/ui/main_view.rs
FN:14,load_action_display_owned
FN:24,render_search_input
FN:69,render_track_list
FN:140,render_playlist_list
FN:211,render_track_list_compact
FN:234,render_playlist_list_compact
FN:257,render_main_view
FNF:7
FNDA:0,load_action_display_owned
FNDA:0,render_search_input
FNDA:0,render_track_list
FNDA:0,render_playlist_list
FNDA:0,render_track_list_compact
FNDA:0,render_playlist_list_compact
FNDA:0,render_main_view
DA:14,0
DA:15,0
DA:16,0
DA:17,0
DA:18,0
DA:19,0
DA:24,0
DA:28,0
DA:29,0
DA:30,0
DA:31,0
DA:32,0
DA:35,0
DA:38,0
DA:40,0
DA:41,0
DA:44,0
DA:45,0
DA:46,0
DA:47,0
DA:48,0
DA:49,0
DA:50,0
DA:53,0
DA:55,0
DA:56,0
DA:57,0
DA:58,0
DA:59,0
DA:62,0
DA:65,0
DA:69,0
DA:78,0
DA:79,0
DA:81,0
DA:82,0
DA:83,0
DA:84,0
DA:86,0
DA:91,0
DA:93,0
DA:94,0
DA:96,0
DA:100,0
DA:101,0
DA:103,0
DA:104,0
DA:105,0
DA:106,0
DA:108,0
DA:111,0
DA:112,0
DA:115,0
DA:116,0
DA:117,0
DA:118,0
DA:119,0
DA:121,0
DA:123,0
DA:124,0
DA:130,0
DA:132,0
DA:133,0
DA:136,0
DA:140,0
DA:149,0
DA:150,0
DA:152,0
DA:153,0
DA:154,0
DA:155,0
DA:157,0
DA:162,0
DA:164,0
DA:165,0
DA:167,0
DA:171,0
DA:172,0
DA:174,0
DA:175,0
DA:176,0
DA:177,0
DA:179,0
DA:182,0
DA:183,0
DA:186,0
DA:187,0
DA:188,0
DA:189,0
DA:190,0
DA:192,0
DA:194,0
DA:195,0
DA:201,0
DA:203,0
DA:204,0
DA:207,0
DA:211,0
DA:218,0
DA:219,0
DA:221,0
DA:223,0
DA:225,0
DA:226,0
DA:227,0
DA:228,0
DA:230,0
DA:234,0
DA:241,0
DA:242,0
DA:244,0
DA:246,0
DA:248,0
DA:249,0
DA:250,0
DA:251,0
DA:253,0
DA:257,0
DA:269,0
DA:270,0
DA:273,0
DA:274,0
DA:279,0
DA:280,0
DA:282,0
DA:284,0
DA:285,0
DA:286,0
DA:288,0
DA:289,0
DA:291,0
DA:292,0
DA:294,0
DA:295,0
DA:297,0
DA:299,0
DA:301,0
DA:302,0
DA:303,0
DA:304,0
DA:306,0
DA:311,0
DA:313,0
DA:314,0
DA:316,0
DA:318,0
DA:320,0
DA:321,0
DA:322,0
DA:323,0
DA:325,0
DA:327,0
DA:328,0
DA:329,0
DA:331,0
DA:332,0
DA:333,0
DA:334,0
DA:336,0
DA:338,0
DA:339,0
DA:340,0
DA:342,0
DA:343,0
DA:344,0
DA:345,0
DA:347,0
DA:349,0
DA:352,0
DA:354,0
DA:355,0
LF:171
LH:0
end_of_record
TN:
SF:/home/josh/projects/joshify/src/ui/overlays.rs
FN:9,render_queue_overlay
FN:21,render_help_overlay
FN:36,render_overlay_base
FNF:3
FNDA:0,render_queue_overlay
FNDA:0,render_help_overlay
FNDA:0,render_overlay_base
DA:9,0
DA:10,0
DA:11,0
DA:12,0
DA:13,0
DA:14,0
DA:15,0
DA:16,0
DA:21,0
DA:22,0
DA:23,0
DA:24,0
DA:25,0
DA:27,0
DA:32,0
DA:36,0
DA:38,0
DA:39,0
DA:40,0
DA:41,0
DA:42,0
DA:45,0
DA:46,0
DA:47,0
DA:49,0
DA:51,0
DA:52,0
DA:53,0
DA:54,0
DA:55,0
DA:57,0
DA:59,0
LF:32
LH:0
end_of_record
TN:
SF:/home/josh/projects/joshify/src/ui/player_bar.rs
FN:9,render_player_bar
FNF:1
FNDA:0,render_player_bar
DA:9,0
DA:22,0
DA:23,0
DA:26,0
DA:27,0
DA:28,0
DA:29,0
DA:31,0
DA:34,0
DA:36,0
DA:37,0
DA:38,0
DA:39,0
DA:40,0
DA:42,0
DA:44,0
DA:45,0
DA:46,0
DA:47,0
DA:48,0
DA:50,0
DA:51,0
DA:53,0
DA:54,0
DA:55,0
DA:56,0
DA:57,0
DA:59,0
DA:61,0
DA:62,0
DA:63,0
DA:64,0
DA:65,0
DA:67,0
DA:70,0
DA:71,0
DA:72,0
DA:73,0
DA:74,0
DA:76,0
DA:78,0
DA:79,0
DA:80,0
DA:81,0
DA:82,0
DA:84,0
DA:86,0
DA:89,0
DA:90,0
DA:91,0
DA:93,0
DA:94,0
DA:95,0
DA:96,0
DA:97,0
DA:98,0
DA:102,0
DA:103,0
DA:104,0
DA:105,0
DA:106,0
DA:107,0
DA:109,0
DA:112,0
DA:113,0
DA:114,0
DA:115,0
DA:117,0
DA:118,0
DA:119,0
DA:123,0
DA:124,0
DA:126,0
DA:128,0
DA:129,0
DA:130,0
DA:131,0
DA:132,0
DA:135,0
LF:79
LH:0
end_of_record
TN:
SF:/home/josh/projects/joshify/src/ui/sidebar.rs
FN:10,joshify_logo
FN:25,render_sidebar
FNF:2
FNDA:0,joshify_logo
FNDA:0,render_sidebar
DA:10,0
DA:11,0
DA:12,0
DA:13,0
DA:14,0
DA:15,0
DA:16,0
DA:17,0
DA:18,0
DA:19,0
DA:20,0
DA:25,0
DA:26,0
DA:27,0
DA:30,0
DA:31,0
DA:33,0
DA:35,0
DA:36,0
DA:37,0
DA:39,0
DA:41,0
DA:44,0
DA:46,0
DA:48,0
DA:49,0
DA:50,0
DA:51,0
DA:52,0
DA:55,0
LF:30
LH:0
end_of_record
